<?xml version="1.0" encoding="UTF-8"?>
<!-- Generated by org.testng.reporters.JUnitXMLReporter -->
<testsuite ignored="0" hostname="MBP-0196s-MacBook-Pro.local" failures="0" tests="4" name="MJSKLVNJAUDEPRV8" time="26.753" errors="0" timestamp="2022-12-04T23:11:51 ICT">
  <testcase classname="tests.authen.LoginTestWithBaseTest" name="TestLogin" time="11.53"/>
  <testcase classname="tests.authen.LoginTestWithBaseTest" name="TestLogin" time="3.604"/>
  <testcase classname="tests.authen.LoginTestWithBaseTest" name="TestLogin" time="4.865"/>
  <testcase classname="tests.authen.LoginTestWithBaseTest" name="TestLogin" time="6.282"/>
</testsuite> <!-- MJSKLVNJAUDEPRV8 -->
