<?xml version="1.0" encoding="UTF-8"?>
<!-- Generated by org.testng.reporters.JUnitXMLReporter -->
<testsuite ignored="2" hostname="MBP-0196s-MacBook-Pro.local" failures="2" tests="4" name="PNXGAM88C1002502" time="0.528" errors="0" timestamp="2022-12-04T11:37:19 ICT">
  <testcase classname="tests.BaseTest" name="@AfterMethod captureScreenshot" time="0.016">
    <failure type="java.lang.NullPointerException" message="Name is null">
      <![CDATA[java.lang.NullPointerException: Name is null
at java.base/java.lang.Enum.valueOf(Enum.java:238)
at driver.Platform.valueOf(Platform.java:3)
at tests.BaseTest.getDriver(BaseTest.java:34)
at tests.BaseTest.captureScreenshot(BaseTest.java:93)
at java.base/java.util.ArrayList.forEach(ArrayList.java:1541)
at java.base/java.util.concurrent.FutureTask.run(FutureTask.java:264)
at java.base/java.util.concurrent.ThreadPoolExecutor.runWorker(ThreadPoolExecutor.java:1128)
at java.base/java.util.concurrent.ThreadPoolExecutor$Worker.run(ThreadPoolExecutor.java:628)
at java.base/java.lang.Thread.run(Thread.java:834)
... Removed 22 stack frames]]>
    </failure>
  </testcase> <!-- @AfterMethod captureScreenshot -->
  <testcase classname="tests.BaseTest" name="@AfterMethod captureScreenshot" time="0.0">
    <failure type="java.lang.NullPointerException">
      <![CDATA[java.lang.NullPointerException
at driver.DriverFactory.getDriver(DriverFactory.java:22)
at tests.BaseTest.getDriver(BaseTest.java:34)
at tests.BaseTest.captureScreenshot(BaseTest.java:93)
at java.base/java.util.ArrayList.forEach(ArrayList.java:1541)
at java.base/java.util.concurrent.FutureTask.run(FutureTask.java:264)
at java.base/java.util.concurrent.ThreadPoolExecutor.runWorker(ThreadPoolExecutor.java:1128)
at java.base/java.util.concurrent.ThreadPoolExecutor$Worker.run(ThreadPoolExecutor.java:628)
at java.base/java.lang.Thread.run(Thread.java:834)
... Removed 22 stack frames]]>
    </failure>
  </testcase> <!-- @AfterMethod captureScreenshot -->
  <testcase classname="tests.testNG.TestNGHooksTest" name="testA2" time="0.286"/>
  <testcase classname="tests.testNG.TestNGHooksTest" name="testA1" time="0.002"/>
  <testcase classname="tests.webview.WebViewtest" name="testWebView" time="0.002">
    <failure type="java.lang.NullPointerException" message="Name is null">
      <![CDATA[java.lang.NullPointerException: Name is null
at java.base/java.lang.Enum.valueOf(Enum.java:238)
at driver.Platform.valueOf(Platform.java:3)
at tests.BaseTest.getDriver(BaseTest.java:34)
at tests.webview.WebViewtest.testWebView(WebViewtest.java:25)
at java.base/java.util.ArrayList.forEach(ArrayList.java:1541)
at java.base/java.util.concurrent.FutureTask.run(FutureTask.java:264)
at java.base/java.util.concurrent.ThreadPoolExecutor.runWorker(ThreadPoolExecutor.java:1128)
at java.base/java.util.concurrent.ThreadPoolExecutor$Worker.run(ThreadPoolExecutor.java:628)
at java.base/java.lang.Thread.run(Thread.java:834)
... Removed 17 stack frames]]>
    </failure>
  </testcase> <!-- testWebView -->
  <testcase classname="tests.swipe.SwipeTest" name="swipeTest" time="0.002">
    <failure type="java.lang.NullPointerException">
      <![CDATA[java.lang.NullPointerException
at driver.DriverFactory.getDriver(DriverFactory.java:22)
at tests.BaseTest.getDriver(BaseTest.java:34)
at tests.swipe.SwipeTest.swipeTest(SwipeTest.java:20)
at java.base/java.util.ArrayList.forEach(ArrayList.java:1541)
at java.base/java.util.concurrent.FutureTask.run(FutureTask.java:264)
at java.base/java.util.concurrent.ThreadPoolExecutor.runWorker(ThreadPoolExecutor.java:1128)
at java.base/java.util.concurrent.ThreadPoolExecutor$Worker.run(ThreadPoolExecutor.java:628)
at java.base/java.lang.Thread.run(Thread.java:834)
... Removed 17 stack frames]]>
    </failure>
  </testcase> <!-- swipeTest -->
  <testcase classname="tests.BaseTest" name="@AfterTest quitAppiumSession" time="0.0">
    <ignored/>
  </testcase> <!-- @AfterTest quitAppiumSession -->
  <testcase classname="tests.BaseTest" name="@BeforeTest initAppiumSession" time="0.0">
    <ignored/>
  </testcase> <!-- @BeforeTest initAppiumSession -->
</testsuite> <!-- PNXGAM88C1002502 -->
