<?xml version="1.0" encoding="UTF-8"?>
<!-- Generated by org.testng.reporters.JUnitReportReporter -->
<testsuite hostname="MBP-0196s-MacBook-Pro.local" failures="0" tests="1" name="tests.authen.LoginTestWithDataProvider" time="0.000" errors="0" timestamp="2022-12-04T17:10:58 ICT" skipped="1">
  <testcase classname="tests.authen.LoginTestWithDataProvider" name="TestLogin" time="0.000">
    <skipped/>
  </testcase> <!-- TestLogin -->
  <system-out/>
</testsuite> <!-- tests.authen.LoginTestWithDataProvider -->
